[debug] > Exec(test, None, None)
[debug] Evaluating tasks: Test / test
[debug] Running task... Cancel: Signal, check cycles: false, forcegc: true
[info] compiling 1 Scala source to C:\Users\hongs\Google Drive\SISLAB\Demo\Alu\target\scala-2.11\classes ...
[info] Non-compiled module 'compiler-bridge_2.11' for Scala 2.11.7. Compiling...
[info]   Compilation completed in 15.253s.
[warn] there were 14 feature warnings; re-run with -feature for details
[warn] one warning found
[info] done compiling
[info] compiling 1 Scala source to C:\Users\hongs\Google Drive\SISLAB\Demo\Alu\target\scala-2.11\test-classes ...
[warn] there were 12 feature warnings; re-run with -feature for details
[warn] one warning found
[info] done compiling
[info] AluSpec:
[info] WaveformCounter
[info] - should pass
[info] ScalaTest
[info] Run completed in 2 seconds, 742 milliseconds.
[info] Total number of tests run: 1
[info] Suites: completed 1, aborted 0
[info] Tests: succeeded 1, failed 0, canceled 0, ignored 0, pending 0
[info] All tests passed.
[info] Passed: Total 1, Failed 0, Errors 0, Passed 1
[success] Total time: 28 s, completed Jan 25, 2021 2:06:12 AM
[debug] > Exec(idea-shell, None, None)
