2020.07.20 21:18:06 INFO  started: Metals version 0.9.2 in workspace 'C:\Users\hongs\Google Drive\SISLAB\Chisel book\chisel-examples-master\chisel-examples-master\hello-world' for client vscode.
2020.07.20 21:18:08 INFO  time: initialize in 2.11s
2020.07.20 21:18:09 INFO  no build target: using presentation compiler with only scala-library
2020.07.20 21:18:19 WARN  no build target for: C:\Users\hongs\Google Drive\SISLAB\Chisel book\chisel-examples-master\chisel-examples-master\hello-world\src\main\scala\Hello.scala
2020.07.20 21:18:27 INFO  running 'C:\Program Files\Java\jdk-11.0.6\bin\java -Djline.terminal=jline.UnsupportedTerminal -Dsbt.log.noformat=true -Dfile.encoding=UTF-8 -Dsbt.version=1.3.13 -jar C:\Users\hongs\AppData\Local\Temp\metals11803438569148348483\sbt-launch.jar -Dbloop.export-jar-classifiers=sources bloopInstall'
2020.07.20 21:18:28 ERROR [info] [launcher] getting org.fusesource.jansi jansi 1.11  (this may take some time)...
2020.07.20 21:18:48 ERROR downloading https://repo1.maven.org/maven2/org/fusesource/jansi/jansi/1.11/jansi-1.11.jar ...
2020.07.20 21:18:48 ERROR :: loading settings :: url = jar:file:/C:/Users/hongs/AppData/Local/Temp/metals11803438569148348483/sbt-launch.jar!/org/apache/ivy/core/settings/ivysettings.xml
2020.07.20 21:18:49 ERROR 	[SUCCESSFUL ] org.fusesource.jansi#jansi;1.11!jansi.jar (1538ms)
2020.07.20 21:18:49 ERROR :: retrieving :: org.scala-sbt#boot-jansi
2020.07.20 21:18:49 ERROR 	confs: [default]
2020.07.20 21:18:49 ERROR :: loading settings :: url = jar:file:/C:/Users/hongs/AppData/Local/Temp/metals11803438569148348483/sbt-launch.jar!/org/apache/ivy/core/settings/ivysettings.xml
2020.07.20 21:18:49 ERROR 	1 artifacts copied, 0 already retrieved
2020.07.20 21:18:49 ERROR [info] [launcher] getting org.scala-sbt sbt 1.3.13  (this may take some time)...
2020.07.20 21:19:00 INFO  user cancelled sbt bloopInstall
2020.07.20 21:19:00 INFO  time: ran 'sbt bloopInstall' in 32s
2020.07.20 21:19:00 INFO  build tool exit: 2147483647
2020.07.20 21:19:55 INFO  shutting down Metals
2020.09.15 08:31:22 INFO  started: Metals version 0.9.3 in workspace 'C:\Users\hongs\Google Drive\SISLAB\Chisel book\chisel-examples-master\chisel-examples-master\hello-world' for client vscode.
2020.09.15 08:31:24 INFO  time: initialize in 1.77s
2020.09.15 08:31:25 INFO  no build target: using presentation compiler with only scala-library
2020.09.15 08:31:25 INFO  skipping build import with status 'Cancelled'
2020.09.15 08:31:48 WARN  no build target for: C:\Users\hongs\Google Drive\SISLAB\Chisel book\chisel-examples-master\chisel-examples-master\hello-world\src\main\scala\Hello.scala
2020.09.15 08:32:43 WARN  no build target for: C:\Users\hongs\Google Drive\SISLAB\Chisel book\chisel-examples-master\chisel-examples-master\hello-world\src\main\scala\Hello.scala
2020.09.15 08:32:45 WARN  no build target for: C:\Users\hongs\Google Drive\SISLAB\Chisel book\chisel-examples-master\chisel-examples-master\hello-world\src\main\scala\Hello.scala
2020.09.15 08:32:45 WARN  no build target for: C:\Users\hongs\Google Drive\SISLAB\Chisel book\chisel-examples-master\chisel-examples-master\hello-world\src\main\scala\Hello.scala
2020.09.15 08:32:46 WARN  no build target for: C:\Users\hongs\Google Drive\SISLAB\Chisel book\chisel-examples-master\chisel-examples-master\hello-world\src\main\scala\Hello.scala
2020.09.15 08:32:46 WARN  no build target for: C:\Users\hongs\Google Drive\SISLAB\Chisel book\chisel-examples-master\chisel-examples-master\hello-world\src\main\scala\Hello.scala
2020.09.15 08:32:49 INFO  running 'C:\Program Files\Java\jdk-11.0.8\bin\java -Djline.terminal=jline.UnsupportedTerminal -Dsbt.log.noformat=true -Dfile.encoding=UTF-8 -Dsbt.version=1.3.13 -jar C:\Users\hongs\AppData\Local\Temp\metals13238191211919433563\sbt-launch.jar -Dbloop.export-jar-classifiers=sources bloopInstall'
2020.09.15 08:32:49 INFO  running 'C:\Program Files\Java\jdk-11.0.8\bin\java -Djline.terminal=jline.UnsupportedTerminal -Dsbt.log.noformat=true -Dfile.encoding=UTF-8 -Dsbt.version=1.3.13 -jar C:\Users\hongs\AppData\Local\Temp\metals8554535607365320443\sbt-launch.jar -Dbloop.export-jar-classifiers=sources bloopInstall'
2020.09.15 08:32:49 INFO  running 'C:\Program Files\Java\jdk-11.0.8\bin\java -Djline.terminal=jline.UnsupportedTerminal -Dsbt.log.noformat=true -Dfile.encoding=UTF-8 -Dsbt.version=1.3.13 -jar C:\Users\hongs\AppData\Local\Temp\metals7937030053599023542\sbt-launch.jar -Dbloop.export-jar-classifiers=sources bloopInstall'
2020.09.15 08:32:50 ERROR [info] [launcher] getting org.fusesource.jansi jansi 1.11  (this may take some time)...
2020.09.15 08:32:50 ERROR [info] waiting for lock on C:\Users\hongs\.ivy2\.sbt.ivy.lock to be available...
2020.09.15 08:32:50 ERROR [info] waiting for lock on C:\Users\hongs\.ivy2\.sbt.ivy.lock to be available...
2020.09.15 08:33:08 ERROR downloading https://repo1.maven.org/maven2/org/fusesource/jansi/jansi/1.11/jansi-1.11.jar ...
2020.09.15 08:33:08 ERROR :: loading settings :: url = jar:file:/C:/Users/hongs/AppData/Local/Temp/metals13238191211919433563/sbt-launch.jar!/org/apache/ivy/core/settings/ivysettings.xml
2020.09.15 08:33:09 ERROR 	[SUCCESSFUL ] org.fusesource.jansi#jansi;1.11!jansi.jar (1497ms)
2020.09.15 08:33:09 ERROR :: retrieving :: org.scala-sbt#boot-jansi
2020.09.15 08:33:09 ERROR 	confs: [default]
2020.09.15 08:33:09 ERROR :: loading settings :: url = jar:file:/C:/Users/hongs/AppData/Local/Temp/metals13238191211919433563/sbt-launch.jar!/org/apache/ivy/core/settings/ivysettings.xml
2020.09.15 08:33:09 ERROR 	1 artifacts copied, 0 already retrieved
2020.09.15 08:33:09 ERROR [info] waiting for lock on C:\Users\hongs\.ivy2\.sbt.ivy.lock to be available...
2020.09.15 08:33:09 ERROR [info] [launcher] getting org.fusesource.jansi jansi 1.11  (this may take some time)...
2020.09.15 08:33:09 ERROR :: loading settings :: url = jar:file:/C:/Users/hongs/AppData/Local/Temp/metals7937030053599023542/sbt-launch.jar!/org/apache/ivy/core/settings/ivysettings.xml
2020.09.15 08:33:09 ERROR :: retrieving :: org.scala-sbt#boot-jansi
2020.09.15 08:33:09 ERROR 	confs: [default]
2020.09.15 08:33:09 ERROR :: loading settings :: url = jar:file:/C:/Users/hongs/AppData/Local/Temp/metals7937030053599023542/sbt-launch.jar!/org/apache/ivy/core/settings/ivysettings.xml
2020.09.15 08:33:09 ERROR 	0 artifacts copied, 1 already retrieved
2020.09.15 08:33:09 ERROR [info] waiting for lock on C:\Users\hongs\.sbt\boot\sbt.boot.lock to be available...
2020.09.15 08:33:09 ERROR [info] [launcher] getting org.fusesource.jansi jansi 1.11  (this may take some time)...
2020.09.15 08:33:09 ERROR :: loading settings :: url = jar:file:/C:/Users/hongs/AppData/Local/Temp/metals8554535607365320443/sbt-launch.jar!/org/apache/ivy/core/settings/ivysettings.xml
2020.09.15 08:33:09 ERROR :: retrieving :: org.scala-sbt#boot-jansi
2020.09.15 08:33:09 ERROR 	confs: [default]
2020.09.15 08:33:09 ERROR :: loading settings :: url = jar:file:/C:/Users/hongs/AppData/Local/Temp/metals8554535607365320443/sbt-launch.jar!/org/apache/ivy/core/settings/ivysettings.xml
2020.09.15 08:33:09 ERROR 	0 artifacts copied, 1 already retrieved
2020.09.15 08:33:09 ERROR [info] [launcher] getting org.scala-sbt sbt 1.3.13  (this may take some time)...
2020.09.15 08:33:09 ERROR [info] waiting for lock on C:\Users\hongs\.sbt\boot\sbt.boot.lock to be available...
2020.09.15 08:35:59 INFO  user cancelled sbt bloopInstall
2020.09.15 08:35:59 INFO  time: ran 'sbt bloopInstall' in 3m9s
2020.09.15 08:35:59 INFO  build tool exit: 2147483647
2020.09.15 08:35:59 ERROR [info] [launcher] getting org.scala-sbt sbt 1.3.13  (this may take some time)...
2020.09.15 08:36:00 INFO  user cancelled sbt bloopInstall
2020.09.15 08:36:00 INFO  time: ran 'sbt bloopInstall' in 3m11s
2020.09.15 08:36:00 ERROR [info] [launcher] getting org.scala-sbt sbt 1.3.13  (this may take some time)...
2020.09.15 08:36:01 INFO  user cancelled sbt bloopInstall
2020.09.15 08:36:00 INFO  time: ran 'sbt bloopInstall' in 3m11s
2020.09.15 08:36:00 INFO  build tool exit: 2147483647
2020.09.15 08:36:01 INFO  build tool exit: 2147483647
2020.09.15 08:36:06 WARN  no build target for: C:\Users\hongs\Google Drive\SISLAB\Chisel book\chisel-examples-master\chisel-examples-master\hello-world\src\main\scala\Hello.scala
2020.09.15 08:36:22 WARN  no build target for: C:\Users\hongs\Google Drive\SISLAB\Chisel book\chisel-examples-master\chisel-examples-master\hello-world\src\main\scala\Hello.scala
2020.09.15 08:36:22 WARN  no build target for: C:\Users\hongs\Google Drive\SISLAB\Chisel book\chisel-examples-master\chisel-examples-master\hello-world\src\main\scala\Hello.scala
2020.09.15 08:36:48 WARN  no build target for: C:\Users\hongs\Google Drive\SISLAB\Chisel book\chisel-examples-master\chisel-examples-master\hello-world\src\main\scala\Hello.scala
2020.09.15 08:37:10 INFO  shutting down Metals
2020.09.15 08:37:25 INFO  started: Metals version 0.9.3 in workspace 'C:\Users\hongs\Google Drive\SISLAB\Chisel book\chisel-examples-master\chisel-examples-master\hello-world' for client vscode.
2020.09.15 08:37:27 INFO  time: initialize in 1.42s
2020.09.15 08:37:27 INFO  no build target: using presentation compiler with only scala-library
2020.09.15 08:37:27 INFO  skipping build import with status 'Cancelled'
2020.09.15 08:37:51 INFO  shutting down Metals
2020.09.16 13:10:54 INFO  started: Metals version 0.9.3 in workspace 'C:\Users\hongs\Google Drive\SISLAB\Chisel book\chisel-examples-master\chisel-examples-master\hello-world' for client vscode.
2020.09.16 13:10:55 INFO  time: initialize in 1.24s
2020.09.16 13:10:56 INFO  no build target: using presentation compiler with only scala-library
2020.09.16 13:10:56 INFO  skipping build import with status 'Cancelled'
Sep 16, 2020 1:14:14 PM org.eclipse.lsp4j.jsonrpc.services.GenericEndpoint notify
INFO: Unsupported notification method: $/setTraceNotification
Sep 16, 2020 1:16:40 PM org.eclipse.lsp4j.jsonrpc.services.GenericEndpoint notify
INFO: Unsupported notification method: $/setTraceNotification
Sep 16, 2020 1:17:07 PM org.eclipse.lsp4j.jsonrpc.services.GenericEndpoint notify
INFO: Unsupported notification method: $/setTraceNotification
Sep 16, 2020 1:17:08 PM org.eclipse.lsp4j.jsonrpc.services.GenericEndpoint notify
INFO: Unsupported notification method: $/setTraceNotification
Sep 16, 2020 1:17:08 PM org.eclipse.lsp4j.jsonrpc.services.GenericEndpoint notify
INFO: Unsupported notification method: $/setTraceNotification
Sep 16, 2020 1:36:47 PM org.eclipse.lsp4j.jsonrpc.services.GenericEndpoint notify
INFO: Unsupported notification method: $/setTraceNotification
Sep 16, 2020 1:36:47 PM org.eclipse.lsp4j.jsonrpc.services.GenericEndpoint notify
INFO: Unsupported notification method: $/setTraceNotification
Sep 16, 2020 1:36:47 PM org.eclipse.lsp4j.jsonrpc.services.GenericEndpoint notify
INFO: Unsupported notification method: $/setTraceNotification
Sep 16, 2020 1:36:47 PM org.eclipse.lsp4j.jsonrpc.services.GenericEndpoint notify
INFO: Unsupported notification method: $/setTraceNotification
Sep 16, 2020 1:36:47 PM org.eclipse.lsp4j.jsonrpc.services.GenericEndpoint notify
INFO: Unsupported notification method: $/setTraceNotification
2020.09.16 14:32:50 INFO  shutting down Metals
2020.09.21 10:18:36 INFO  started: Metals version 0.9.3 in workspace 'C:\Users\hongs\Google Drive\SISLAB\Chisel book\chisel-examples-master\chisel-examples-master\hello-world' for client vscode.
2020.09.21 10:18:37 INFO  time: initialize in 1.34s
2020.09.21 10:18:38 INFO  skipping build import with status 'Cancelled'
2020.09.21 10:18:47 INFO  shutting down Metals
